WARNING - 2025-06-26 02:20:39 --> [DEPRECATED] Creation of dynamic property App\Controllers\Home::$model is deprecated in APPPATH\Controllers\BaseController.php on line 33.
 1 SYSTEMPATH\CodeIgniter.php(903): App\Controllers\BaseController->__construct()
 2 SYSTEMPATH\CodeIgniter.php(498): CodeIgniter\CodeIgniter->createController()
 3 SYSTEMPATH\CodeIgniter.php(354): CodeIgniter\CodeIgniter->handleRequest(null, Object(Config\Cache), false)
 4 SYSTEMPATH\Boot.php(334): CodeIgniter\CodeIgniter->run()
 5 SYSTEMPATH\Boot.php(67): CodeIgniter\Boot::runCodeIgniter(Object(CodeIgniter\CodeIgniter))
 6 FCPATH\index.php(56): CodeIgniter\Boot::bootWeb(Object(Config\Paths))
WARNING - 2025-06-26 02:28:05 --> [DEPRECATED] Creation of dynamic property App\Controllers\Department::$model is deprecated in APPPATH\Controllers\BaseController.php on line 33.
 1 SYSTEMPATH\CodeIgniter.php(903): App\Controllers\BaseController->__construct()
 2 SYSTEMPATH\CodeIgniter.php(498): CodeIgniter\CodeIgniter->createController()
 3 SYSTEMPATH\CodeIgniter.php(354): CodeIgniter\CodeIgniter->handleRequest(null, Object(Config\Cache), false)
 4 SYSTEMPATH\Boot.php(334): CodeIgniter\CodeIgniter->run()
 5 SYSTEMPATH\Boot.php(67): CodeIgniter\Boot::runCodeIgniter(Object(CodeIgniter\CodeIgniter))
 6 FCPATH\index.php(56): CodeIgniter\Boot::bootWeb(Object(Config\Paths))
WARNING - 2025-06-26 02:32:01 --> [DEPRECATED] Creation of dynamic property App\Controllers\Employee::$model is deprecated in APPPATH\Controllers\BaseController.php on line 33.
 1 SYSTEMPATH\CodeIgniter.php(903): App\Controllers\BaseController->__construct()
 2 SYSTEMPATH\CodeIgniter.php(498): CodeIgniter\CodeIgniter->createController()
 3 SYSTEMPATH\CodeIgniter.php(354): CodeIgniter\CodeIgniter->handleRequest(null, Object(Config\Cache), false)
 4 SYSTEMPATH\Boot.php(334): CodeIgniter\CodeIgniter->run()
 5 SYSTEMPATH\Boot.php(67): CodeIgniter\Boot::runCodeIgniter(Object(CodeIgniter\CodeIgniter))
 6 FCPATH\index.php(56): CodeIgniter\Boot::bootWeb(Object(Config\Paths))
WARNING - 2025-06-26 02:32:46 --> [DEPRECATED] Creation of dynamic property App\Controllers\Employee::$model is deprecated in APPPATH\Controllers\BaseController.php on line 33.
 1 SYSTEMPATH\CodeIgniter.php(903): App\Controllers\BaseController->__construct()
 2 SYSTEMPATH\CodeIgniter.php(498): CodeIgniter\CodeIgniter->createController()
 3 SYSTEMPATH\CodeIgniter.php(354): CodeIgniter\CodeIgniter->handleRequest(null, Object(Config\Cache), false)
 4 SYSTEMPATH\Boot.php(334): CodeIgniter\CodeIgniter->run()
 5 SYSTEMPATH\Boot.php(67): CodeIgniter\Boot::runCodeIgniter(Object(CodeIgniter\CodeIgniter))
 6 FCPATH\index.php(56): CodeIgniter\Boot::bootWeb(Object(Config\Paths))
ERROR - 2025-06-26 02:32:46 --> mysqli_sql_exception: Unknown column 'mobile' in 'where clause' in C:\Wemp\www\codemagen\system\Database\MySQLi\Connection.php:327
Stack trace:
#0 C:\Wemp\www\codemagen\system\Database\MySQLi\Connection.php(327): mysqli->query('SELECT *\nFROM `...', 0)
#1 C:\Wemp\www\codemagen\system\Database\BaseConnection.php(738): CodeIgniter\Database\MySQLi\Connection->execute('SELECT *\nFROM `...')
#2 C:\Wemp\www\codemagen\system\Database\BaseConnection.php(652): CodeIgniter\Database\BaseConnection->simpleQuery('SELECT *\nFROM `...')
#3 C:\Wemp\www\codemagen\system\Database\BaseBuilder.php(1649): CodeIgniter\Database\BaseConnection->query('SELECT *\nFROM `...', Array, false)
#4 C:\Wemp\www\codemagen\app\Models\Commonmodel.php(27): CodeIgniter\Database\BaseBuilder->get()
#5 C:\Wemp\www\codemagen\app\Controllers\Employee.php(29): App\Models\Commonmodel->GetSingleData('employee', Array)
#6 C:\Wemp\www\codemagen\system\CodeIgniter.php(933): App\Controllers\Employee->addEmployee()
#7 C:\Wemp\www\codemagen\system\CodeIgniter.php(507): CodeIgniter\CodeIgniter->runController(Object(App\Controllers\Employee))
#8 C:\Wemp\www\codemagen\system\CodeIgniter.php(354): CodeIgniter\CodeIgniter->handleRequest(NULL, Object(Config\Cache), false)
#9 C:\Wemp\www\codemagen\system\Boot.php(334): CodeIgniter\CodeIgniter->run()
#10 C:\Wemp\www\codemagen\system\Boot.php(67): CodeIgniter\Boot::runCodeIgniter(Object(CodeIgniter\CodeIgniter))
#11 C:\Wemp\www\codemagen\index.php(56): CodeIgniter\Boot::bootWeb(Object(Config\Paths))
#12 {main}
WARNING - 2025-06-26 02:33:15 --> [DEPRECATED] Creation of dynamic property App\Controllers\Employee::$model is deprecated in APPPATH\Controllers\BaseController.php on line 33.
 1 SYSTEMPATH\CodeIgniter.php(903): App\Controllers\BaseController->__construct()
 2 SYSTEMPATH\CodeIgniter.php(498): CodeIgniter\CodeIgniter->createController()
 3 SYSTEMPATH\CodeIgniter.php(354): CodeIgniter\CodeIgniter->handleRequest(null, Object(Config\Cache), false)
 4 SYSTEMPATH\Boot.php(334): CodeIgniter\CodeIgniter->run()
 5 SYSTEMPATH\Boot.php(67): CodeIgniter\Boot::runCodeIgniter(Object(CodeIgniter\CodeIgniter))
 6 FCPATH\index.php(56): CodeIgniter\Boot::bootWeb(Object(Config\Paths))
WARNING - 2025-06-26 02:33:37 --> [DEPRECATED] Creation of dynamic property App\Controllers\Employee::$model is deprecated in APPPATH\Controllers\BaseController.php on line 33.
 1 SYSTEMPATH\CodeIgniter.php(903): App\Controllers\BaseController->__construct()
 2 SYSTEMPATH\CodeIgniter.php(498): CodeIgniter\CodeIgniter->createController()
 3 SYSTEMPATH\CodeIgniter.php(354): CodeIgniter\CodeIgniter->handleRequest(null, Object(Config\Cache), false)
 4 SYSTEMPATH\Boot.php(334): CodeIgniter\CodeIgniter->run()
 5 SYSTEMPATH\Boot.php(67): CodeIgniter\Boot::runCodeIgniter(Object(CodeIgniter\CodeIgniter))
 6 FCPATH\index.php(56): CodeIgniter\Boot::bootWeb(Object(Config\Paths))
WARNING - 2025-06-26 02:36:07 --> [DEPRECATED] Creation of dynamic property App\Controllers\Employee::$model is deprecated in APPPATH\Controllers\BaseController.php on line 33.
 1 SYSTEMPATH\CodeIgniter.php(903): App\Controllers\BaseController->__construct()
 2 SYSTEMPATH\CodeIgniter.php(498): CodeIgniter\CodeIgniter->createController()
 3 SYSTEMPATH\CodeIgniter.php(354): CodeIgniter\CodeIgniter->handleRequest(null, Object(Config\Cache), false)
 4 SYSTEMPATH\Boot.php(334): CodeIgniter\CodeIgniter->run()
 5 SYSTEMPATH\Boot.php(67): CodeIgniter\Boot::runCodeIgniter(Object(CodeIgniter\CodeIgniter))
 6 FCPATH\index.php(56): CodeIgniter\Boot::bootWeb(Object(Config\Paths))
WARNING - 2025-06-26 02:37:23 --> [DEPRECATED] Creation of dynamic property App\Controllers\Employee::$model is deprecated in APPPATH\Controllers\BaseController.php on line 33.
 1 SYSTEMPATH\CodeIgniter.php(903): App\Controllers\BaseController->__construct()
 2 SYSTEMPATH\CodeIgniter.php(498): CodeIgniter\CodeIgniter->createController()
 3 SYSTEMPATH\CodeIgniter.php(354): CodeIgniter\CodeIgniter->handleRequest(null, Object(Config\Cache), false)
 4 SYSTEMPATH\Boot.php(334): CodeIgniter\CodeIgniter->run()
 5 SYSTEMPATH\Boot.php(67): CodeIgniter\Boot::runCodeIgniter(Object(CodeIgniter\CodeIgniter))
 6 FCPATH\index.php(56): CodeIgniter\Boot::bootWeb(Object(Config\Paths))
WARNING - 2025-06-26 02:44:10 --> [DEPRECATED] Creation of dynamic property App\Controllers\Employee::$model is deprecated in APPPATH\Controllers\BaseController.php on line 33.
 1 SYSTEMPATH\CodeIgniter.php(903): App\Controllers\BaseController->__construct()
 2 SYSTEMPATH\CodeIgniter.php(498): CodeIgniter\CodeIgniter->createController()
 3 SYSTEMPATH\CodeIgniter.php(354): CodeIgniter\CodeIgniter->handleRequest(null, Object(Config\Cache), false)
 4 SYSTEMPATH\Boot.php(334): CodeIgniter\CodeIgniter->run()
 5 SYSTEMPATH\Boot.php(67): CodeIgniter\Boot::runCodeIgniter(Object(CodeIgniter\CodeIgniter))
 6 FCPATH\index.php(56): CodeIgniter\Boot::bootWeb(Object(Config\Paths))
WARNING - 2025-06-26 03:00:44 --> [DEPRECATED] Creation of dynamic property App\Controllers\Employee::$db is deprecated in APPPATH\Controllers\Employee.php on line 5.
 1 SYSTEMPATH\CodeIgniter.php(903): App\Controllers\Employee->__construct()
 2 SYSTEMPATH\CodeIgniter.php(498): CodeIgniter\CodeIgniter->createController()
 3 SYSTEMPATH\CodeIgniter.php(354): CodeIgniter\CodeIgniter->handleRequest(null, Object(Config\Cache), false)
 4 SYSTEMPATH\Boot.php(334): CodeIgniter\CodeIgniter->run()
 5 SYSTEMPATH\Boot.php(67): CodeIgniter\Boot::runCodeIgniter(Object(CodeIgniter\CodeIgniter))
 6 FCPATH\index.php(56): CodeIgniter\Boot::bootWeb(Object(Config\Paths))
ERROR - 2025-06-26 03:00:44 --> mysqli_sql_exception: Column 'name' in field list is ambiguous in C:\Wemp\www\codemagen\system\Database\MySQLi\Connection.php:327
Stack trace:
#0 C:\Wemp\www\codemagen\system\Database\MySQLi\Connection.php(327): mysqli->query('SELECT e.name,n...', 0)
#1 C:\Wemp\www\codemagen\system\Database\BaseConnection.php(738): CodeIgniter\Database\MySQLi\Connection->execute('SELECT e.name,n...')
#2 C:\Wemp\www\codemagen\system\Database\BaseConnection.php(652): CodeIgniter\Database\BaseConnection->simpleQuery('SELECT e.name,n...')
#3 C:\Wemp\www\codemagen\app\Controllers\Employee.php(87): CodeIgniter\Database\BaseConnection->query('SELECT e.name,n...')
#4 C:\Wemp\www\codemagen\system\CodeIgniter.php(933): App\Controllers\Employee->GetAllEmployee()
#5 C:\Wemp\www\codemagen\system\CodeIgniter.php(507): CodeIgniter\CodeIgniter->runController(Object(App\Controllers\Employee))
#6 C:\Wemp\www\codemagen\system\CodeIgniter.php(354): CodeIgniter\CodeIgniter->handleRequest(NULL, Object(Config\Cache), false)
#7 C:\Wemp\www\codemagen\system\Boot.php(334): CodeIgniter\CodeIgniter->run()
#8 C:\Wemp\www\codemagen\system\Boot.php(67): CodeIgniter\Boot::runCodeIgniter(Object(CodeIgniter\CodeIgniter))
#9 C:\Wemp\www\codemagen\index.php(56): CodeIgniter\Boot::bootWeb(Object(Config\Paths))
#10 {main}
WARNING - 2025-06-26 03:01:03 --> [DEPRECATED] Creation of dynamic property App\Controllers\Employee::$db is deprecated in APPPATH\Controllers\Employee.php on line 5.
 1 SYSTEMPATH\CodeIgniter.php(903): App\Controllers\Employee->__construct()
 2 SYSTEMPATH\CodeIgniter.php(498): CodeIgniter\CodeIgniter->createController()
 3 SYSTEMPATH\CodeIgniter.php(354): CodeIgniter\CodeIgniter->handleRequest(null, Object(Config\Cache), false)
 4 SYSTEMPATH\Boot.php(334): CodeIgniter\CodeIgniter->run()
 5 SYSTEMPATH\Boot.php(67): CodeIgniter\Boot::runCodeIgniter(Object(CodeIgniter\CodeIgniter))
 6 FCPATH\index.php(56): CodeIgniter\Boot::bootWeb(Object(Config\Paths))
WARNING - 2025-06-26 03:01:27 --> [DEPRECATED] Creation of dynamic property App\Controllers\Employee::$db is deprecated in APPPATH\Controllers\Employee.php on line 5.
 1 SYSTEMPATH\CodeIgniter.php(903): App\Controllers\Employee->__construct()
 2 SYSTEMPATH\CodeIgniter.php(498): CodeIgniter\CodeIgniter->createController()
 3 SYSTEMPATH\CodeIgniter.php(354): CodeIgniter\CodeIgniter->handleRequest(null, Object(Config\Cache), false)
 4 SYSTEMPATH\Boot.php(334): CodeIgniter\CodeIgniter->run()
 5 SYSTEMPATH\Boot.php(67): CodeIgniter\Boot::runCodeIgniter(Object(CodeIgniter\CodeIgniter))
 6 FCPATH\index.php(56): CodeIgniter\Boot::bootWeb(Object(Config\Paths))
WARNING - 2025-06-26 03:06:37 --> [DEPRECATED] Creation of dynamic property App\Controllers\Employee::$db is deprecated in APPPATH\Controllers\Employee.php on line 5.
 1 SYSTEMPATH\CodeIgniter.php(903): App\Controllers\Employee->__construct()
 2 SYSTEMPATH\CodeIgniter.php(498): CodeIgniter\CodeIgniter->createController()
 3 SYSTEMPATH\CodeIgniter.php(354): CodeIgniter\CodeIgniter->handleRequest(null, Object(Config\Cache), false)
 4 SYSTEMPATH\Boot.php(334): CodeIgniter\CodeIgniter->run()
 5 SYSTEMPATH\Boot.php(67): CodeIgniter\Boot::runCodeIgniter(Object(CodeIgniter\CodeIgniter))
 6 FCPATH\index.php(56): CodeIgniter\Boot::bootWeb(Object(Config\Paths))
WARNING - 2025-06-26 03:10:55 --> [DEPRECATED] Creation of dynamic property App\Controllers\Employee::$db is deprecated in APPPATH\Controllers\Employee.php on line 5.
 1 SYSTEMPATH\CodeIgniter.php(903): App\Controllers\Employee->__construct()
 2 SYSTEMPATH\CodeIgniter.php(498): CodeIgniter\CodeIgniter->createController()
 3 SYSTEMPATH\CodeIgniter.php(354): CodeIgniter\CodeIgniter->handleRequest(null, Object(Config\Cache), false)
 4 SYSTEMPATH\Boot.php(334): CodeIgniter\CodeIgniter->run()
 5 SYSTEMPATH\Boot.php(67): CodeIgniter\Boot::runCodeIgniter(Object(CodeIgniter\CodeIgniter))
 6 FCPATH\index.php(56): CodeIgniter\Boot::bootWeb(Object(Config\Paths))
WARNING - 2025-06-26 03:11:36 --> [DEPRECATED] Creation of dynamic property App\Controllers\Employee::$db is deprecated in APPPATH\Controllers\Employee.php on line 5.
 1 SYSTEMPATH\CodeIgniter.php(903): App\Controllers\Employee->__construct()
 2 SYSTEMPATH\CodeIgniter.php(498): CodeIgniter\CodeIgniter->createController()
 3 SYSTEMPATH\CodeIgniter.php(354): CodeIgniter\CodeIgniter->handleRequest(null, Object(Config\Cache), false)
 4 SYSTEMPATH\Boot.php(334): CodeIgniter\CodeIgniter->run()
 5 SYSTEMPATH\Boot.php(67): CodeIgniter\Boot::runCodeIgniter(Object(CodeIgniter\CodeIgniter))
 6 FCPATH\index.php(56): CodeIgniter\Boot::bootWeb(Object(Config\Paths))
WARNING - 2025-06-26 03:13:20 --> [DEPRECATED] Creation of dynamic property App\Controllers\Employee::$model is deprecated in APPPATH\Controllers\BaseController.php on line 33.
 1 SYSTEMPATH\CodeIgniter.php(903): App\Controllers\BaseController->__construct()
 2 SYSTEMPATH\CodeIgniter.php(498): CodeIgniter\CodeIgniter->createController()
 3 SYSTEMPATH\CodeIgniter.php(354): CodeIgniter\CodeIgniter->handleRequest(null, Object(Config\Cache), false)
 4 SYSTEMPATH\Boot.php(334): CodeIgniter\CodeIgniter->run()
 5 SYSTEMPATH\Boot.php(67): CodeIgniter\Boot::runCodeIgniter(Object(CodeIgniter\CodeIgniter))
 6 FCPATH\index.php(56): CodeIgniter\Boot::bootWeb(Object(Config\Paths))
WARNING - 2025-06-26 03:13:20 --> [DEPRECATED] Creation of dynamic property App\Controllers\Employee::$db is deprecated in APPPATH\Controllers\BaseController.php on line 34.
 1 SYSTEMPATH\CodeIgniter.php(903): App\Controllers\BaseController->__construct()
 2 SYSTEMPATH\CodeIgniter.php(498): CodeIgniter\CodeIgniter->createController()
 3 SYSTEMPATH\CodeIgniter.php(354): CodeIgniter\CodeIgniter->handleRequest(null, Object(Config\Cache), false)
 4 SYSTEMPATH\Boot.php(334): CodeIgniter\CodeIgniter->run()
 5 SYSTEMPATH\Boot.php(67): CodeIgniter\Boot::runCodeIgniter(Object(CodeIgniter\CodeIgniter))
 6 FCPATH\index.php(56): CodeIgniter\Boot::bootWeb(Object(Config\Paths))
WARNING - 2025-06-26 03:21:40 --> [DEPRECATED] Creation of dynamic property App\Controllers\Employee::$model is deprecated in APPPATH\Controllers\BaseController.php on line 33.
 1 SYSTEMPATH\CodeIgniter.php(903): App\Controllers\BaseController->__construct()
 2 SYSTEMPATH\CodeIgniter.php(498): CodeIgniter\CodeIgniter->createController()
 3 SYSTEMPATH\CodeIgniter.php(354): CodeIgniter\CodeIgniter->handleRequest(null, Object(Config\Cache), false)
 4 SYSTEMPATH\Boot.php(334): CodeIgniter\CodeIgniter->run()
 5 SYSTEMPATH\Boot.php(67): CodeIgniter\Boot::runCodeIgniter(Object(CodeIgniter\CodeIgniter))
 6 FCPATH\index.php(56): CodeIgniter\Boot::bootWeb(Object(Config\Paths))
WARNING - 2025-06-26 03:21:40 --> [DEPRECATED] Creation of dynamic property App\Controllers\Employee::$db is deprecated in APPPATH\Controllers\BaseController.php on line 34.
 1 SYSTEMPATH\CodeIgniter.php(903): App\Controllers\BaseController->__construct()
 2 SYSTEMPATH\CodeIgniter.php(498): CodeIgniter\CodeIgniter->createController()
 3 SYSTEMPATH\CodeIgniter.php(354): CodeIgniter\CodeIgniter->handleRequest(null, Object(Config\Cache), false)
 4 SYSTEMPATH\Boot.php(334): CodeIgniter\CodeIgniter->run()
 5 SYSTEMPATH\Boot.php(67): CodeIgniter\Boot::runCodeIgniter(Object(CodeIgniter\CodeIgniter))
 6 FCPATH\index.php(56): CodeIgniter\Boot::bootWeb(Object(Config\Paths))
ERROR - 2025-06-26 03:21:40 --> mysqli_sql_exception: Unknown column '$id' in 'where clause' in C:\Wemp\www\codemagen\system\Database\MySQLi\Connection.php:327
Stack trace:
#0 C:\Wemp\www\codemagen\system\Database\MySQLi\Connection.php(327): mysqli->query('SELECT e.name,d...', 0)
#1 C:\Wemp\www\codemagen\system\Database\BaseConnection.php(738): CodeIgniter\Database\MySQLi\Connection->execute('SELECT e.name,d...')
#2 C:\Wemp\www\codemagen\system\Database\BaseConnection.php(652): CodeIgniter\Database\BaseConnection->simpleQuery('SELECT e.name,d...')
#3 C:\Wemp\www\codemagen\app\Controllers\Employee.php(121): CodeIgniter\Database\BaseConnection->query('SELECT e.name,d...')
#4 C:\Wemp\www\codemagen\system\CodeIgniter.php(933): App\Controllers\Employee->SingleEmployee('1')
#5 C:\Wemp\www\codemagen\system\CodeIgniter.php(507): CodeIgniter\CodeIgniter->runController(Object(App\Controllers\Employee))
#6 C:\Wemp\www\codemagen\system\CodeIgniter.php(354): CodeIgniter\CodeIgniter->handleRequest(NULL, Object(Config\Cache), false)
#7 C:\Wemp\www\codemagen\system\Boot.php(334): CodeIgniter\CodeIgniter->run()
#8 C:\Wemp\www\codemagen\system\Boot.php(67): CodeIgniter\Boot::runCodeIgniter(Object(CodeIgniter\CodeIgniter))
#9 C:\Wemp\www\codemagen\index.php(56): CodeIgniter\Boot::bootWeb(Object(Config\Paths))
#10 {main}
WARNING - 2025-06-26 03:22:21 --> [DEPRECATED] Creation of dynamic property App\Controllers\Employee::$model is deprecated in APPPATH\Controllers\BaseController.php on line 33.
 1 SYSTEMPATH\CodeIgniter.php(903): App\Controllers\BaseController->__construct()
 2 SYSTEMPATH\CodeIgniter.php(498): CodeIgniter\CodeIgniter->createController()
 3 SYSTEMPATH\CodeIgniter.php(354): CodeIgniter\CodeIgniter->handleRequest(null, Object(Config\Cache), false)
 4 SYSTEMPATH\Boot.php(334): CodeIgniter\CodeIgniter->run()
 5 SYSTEMPATH\Boot.php(67): CodeIgniter\Boot::runCodeIgniter(Object(CodeIgniter\CodeIgniter))
 6 FCPATH\index.php(56): CodeIgniter\Boot::bootWeb(Object(Config\Paths))
WARNING - 2025-06-26 03:22:21 --> [DEPRECATED] Creation of dynamic property App\Controllers\Employee::$db is deprecated in APPPATH\Controllers\BaseController.php on line 34.
 1 SYSTEMPATH\CodeIgniter.php(903): App\Controllers\BaseController->__construct()
 2 SYSTEMPATH\CodeIgniter.php(498): CodeIgniter\CodeIgniter->createController()
 3 SYSTEMPATH\CodeIgniter.php(354): CodeIgniter\CodeIgniter->handleRequest(null, Object(Config\Cache), false)
 4 SYSTEMPATH\Boot.php(334): CodeIgniter\CodeIgniter->run()
 5 SYSTEMPATH\Boot.php(67): CodeIgniter\Boot::runCodeIgniter(Object(CodeIgniter\CodeIgniter))
 6 FCPATH\index.php(56): CodeIgniter\Boot::bootWeb(Object(Config\Paths))
WARNING - 2025-06-26 03:22:34 --> [DEPRECATED] Creation of dynamic property App\Controllers\Employee::$model is deprecated in APPPATH\Controllers\BaseController.php on line 33.
 1 SYSTEMPATH\CodeIgniter.php(903): App\Controllers\BaseController->__construct()
 2 SYSTEMPATH\CodeIgniter.php(498): CodeIgniter\CodeIgniter->createController()
 3 SYSTEMPATH\CodeIgniter.php(354): CodeIgniter\CodeIgniter->handleRequest(null, Object(Config\Cache), false)
 4 SYSTEMPATH\Boot.php(334): CodeIgniter\CodeIgniter->run()
 5 SYSTEMPATH\Boot.php(67): CodeIgniter\Boot::runCodeIgniter(Object(CodeIgniter\CodeIgniter))
 6 FCPATH\index.php(56): CodeIgniter\Boot::bootWeb(Object(Config\Paths))
WARNING - 2025-06-26 03:22:34 --> [DEPRECATED] Creation of dynamic property App\Controllers\Employee::$db is deprecated in APPPATH\Controllers\BaseController.php on line 34.
 1 SYSTEMPATH\CodeIgniter.php(903): App\Controllers\BaseController->__construct()
 2 SYSTEMPATH\CodeIgniter.php(498): CodeIgniter\CodeIgniter->createController()
 3 SYSTEMPATH\CodeIgniter.php(354): CodeIgniter\CodeIgniter->handleRequest(null, Object(Config\Cache), false)
 4 SYSTEMPATH\Boot.php(334): CodeIgniter\CodeIgniter->run()
 5 SYSTEMPATH\Boot.php(67): CodeIgniter\Boot::runCodeIgniter(Object(CodeIgniter\CodeIgniter))
 6 FCPATH\index.php(56): CodeIgniter\Boot::bootWeb(Object(Config\Paths))
WARNING - 2025-06-26 03:23:00 --> [DEPRECATED] Creation of dynamic property App\Controllers\Employee::$model is deprecated in APPPATH\Controllers\BaseController.php on line 33.
 1 SYSTEMPATH\CodeIgniter.php(903): App\Controllers\BaseController->__construct()
 2 SYSTEMPATH\CodeIgniter.php(498): CodeIgniter\CodeIgniter->createController()
 3 SYSTEMPATH\CodeIgniter.php(354): CodeIgniter\CodeIgniter->handleRequest(null, Object(Config\Cache), false)
 4 SYSTEMPATH\Boot.php(334): CodeIgniter\CodeIgniter->run()
 5 SYSTEMPATH\Boot.php(67): CodeIgniter\Boot::runCodeIgniter(Object(CodeIgniter\CodeIgniter))
 6 FCPATH\index.php(56): CodeIgniter\Boot::bootWeb(Object(Config\Paths))
WARNING - 2025-06-26 03:23:00 --> [DEPRECATED] Creation of dynamic property App\Controllers\Employee::$db is deprecated in APPPATH\Controllers\BaseController.php on line 34.
 1 SYSTEMPATH\CodeIgniter.php(903): App\Controllers\BaseController->__construct()
 2 SYSTEMPATH\CodeIgniter.php(498): CodeIgniter\CodeIgniter->createController()
 3 SYSTEMPATH\CodeIgniter.php(354): CodeIgniter\CodeIgniter->handleRequest(null, Object(Config\Cache), false)
 4 SYSTEMPATH\Boot.php(334): CodeIgniter\CodeIgniter->run()
 5 SYSTEMPATH\Boot.php(67): CodeIgniter\Boot::runCodeIgniter(Object(CodeIgniter\CodeIgniter))
 6 FCPATH\index.php(56): CodeIgniter\Boot::bootWeb(Object(Config\Paths))
ERROR - 2025-06-26 03:23:00 --> mysqli_sql_exception: Unknown column '$id' in 'where clause' in C:\Wemp\www\codemagen\system\Database\MySQLi\Connection.php:327
Stack trace:
#0 C:\Wemp\www\codemagen\system\Database\MySQLi\Connection.php(327): mysqli->query('SELECT e.id, e....', 0)
#1 C:\Wemp\www\codemagen\system\Database\BaseConnection.php(738): CodeIgniter\Database\MySQLi\Connection->execute('SELECT e.id, e....')
#2 C:\Wemp\www\codemagen\system\Database\BaseConnection.php(652): CodeIgniter\Database\BaseConnection->simpleQuery('SELECT e.id, e....')
#3 C:\Wemp\www\codemagen\app\Controllers\Employee.php(121): CodeIgniter\Database\BaseConnection->query('SELECT e.id, e....')
#4 C:\Wemp\www\codemagen\system\CodeIgniter.php(933): App\Controllers\Employee->SingleEmployee('1')
#5 C:\Wemp\www\codemagen\system\CodeIgniter.php(507): CodeIgniter\CodeIgniter->runController(Object(App\Controllers\Employee))
#6 C:\Wemp\www\codemagen\system\CodeIgniter.php(354): CodeIgniter\CodeIgniter->handleRequest(NULL, Object(Config\Cache), false)
#7 C:\Wemp\www\codemagen\system\Boot.php(334): CodeIgniter\CodeIgniter->run()
#8 C:\Wemp\www\codemagen\system\Boot.php(67): CodeIgniter\Boot::runCodeIgniter(Object(CodeIgniter\CodeIgniter))
#9 C:\Wemp\www\codemagen\index.php(56): CodeIgniter\Boot::bootWeb(Object(Config\Paths))
#10 {main}
WARNING - 2025-06-26 03:28:09 --> [DEPRECATED] Creation of dynamic property App\Controllers\Employee::$model is deprecated in APPPATH\Controllers\BaseController.php on line 33.
 1 SYSTEMPATH\CodeIgniter.php(903): App\Controllers\BaseController->__construct()
 2 SYSTEMPATH\CodeIgniter.php(498): CodeIgniter\CodeIgniter->createController()
 3 SYSTEMPATH\CodeIgniter.php(354): CodeIgniter\CodeIgniter->handleRequest(null, Object(Config\Cache), false)
 4 SYSTEMPATH\Boot.php(334): CodeIgniter\CodeIgniter->run()
 5 SYSTEMPATH\Boot.php(67): CodeIgniter\Boot::runCodeIgniter(Object(CodeIgniter\CodeIgniter))
 6 FCPATH\index.php(56): CodeIgniter\Boot::bootWeb(Object(Config\Paths))
WARNING - 2025-06-26 03:28:09 --> [DEPRECATED] Creation of dynamic property App\Controllers\Employee::$db is deprecated in APPPATH\Controllers\BaseController.php on line 34.
 1 SYSTEMPATH\CodeIgniter.php(903): App\Controllers\BaseController->__construct()
 2 SYSTEMPATH\CodeIgniter.php(498): CodeIgniter\CodeIgniter->createController()
 3 SYSTEMPATH\CodeIgniter.php(354): CodeIgniter\CodeIgniter->handleRequest(null, Object(Config\Cache), false)
 4 SYSTEMPATH\Boot.php(334): CodeIgniter\CodeIgniter->run()
 5 SYSTEMPATH\Boot.php(67): CodeIgniter\Boot::runCodeIgniter(Object(CodeIgniter\CodeIgniter))
 6 FCPATH\index.php(56): CodeIgniter\Boot::bootWeb(Object(Config\Paths))
CRITICAL - 2025-06-26 03:28:09 --> TypeError: CodeIgniter\Database\BaseConnection::query(): Argument #1 ($sql) must be of type string, null given, called in C:\Wemp\www\codemagen\app\Controllers\Employee.php on line 121
[Method: GET, Route: employee/data/1]
in SYSTEMPATH\Database\BaseConnection.php on line 615.
 1 APPPATH\Controllers\Employee.php(121): CodeIgniter\Database\BaseConnection->query(null)
 2 SYSTEMPATH\CodeIgniter.php(933): App\Controllers\Employee->SingleEmployee('1')
 3 SYSTEMPATH\CodeIgniter.php(507): CodeIgniter\CodeIgniter->runController(Object(App\Controllers\Employee))
 4 SYSTEMPATH\CodeIgniter.php(354): CodeIgniter\CodeIgniter->handleRequest(null, Object(Config\Cache), false)
 5 SYSTEMPATH\Boot.php(334): CodeIgniter\CodeIgniter->run()
 6 SYSTEMPATH\Boot.php(67): CodeIgniter\Boot::runCodeIgniter(Object(CodeIgniter\CodeIgniter))
 7 FCPATH\index.php(56): CodeIgniter\Boot::bootWeb(Object(Config\Paths))
WARNING - 2025-06-26 03:31:23 --> [DEPRECATED] Creation of dynamic property App\Controllers\Employee::$model is deprecated in APPPATH\Controllers\BaseController.php on line 33.
 1 SYSTEMPATH\CodeIgniter.php(903): App\Controllers\BaseController->__construct()
 2 SYSTEMPATH\CodeIgniter.php(498): CodeIgniter\CodeIgniter->createController()
 3 SYSTEMPATH\CodeIgniter.php(354): CodeIgniter\CodeIgniter->handleRequest(null, Object(Config\Cache), false)
 4 SYSTEMPATH\Boot.php(334): CodeIgniter\CodeIgniter->run()
 5 SYSTEMPATH\Boot.php(67): CodeIgniter\Boot::runCodeIgniter(Object(CodeIgniter\CodeIgniter))
 6 FCPATH\index.php(56): CodeIgniter\Boot::bootWeb(Object(Config\Paths))
WARNING - 2025-06-26 03:31:23 --> [DEPRECATED] Creation of dynamic property App\Controllers\Employee::$db is deprecated in APPPATH\Controllers\BaseController.php on line 34.
 1 SYSTEMPATH\CodeIgniter.php(903): App\Controllers\BaseController->__construct()
 2 SYSTEMPATH\CodeIgniter.php(498): CodeIgniter\CodeIgniter->createController()
 3 SYSTEMPATH\CodeIgniter.php(354): CodeIgniter\CodeIgniter->handleRequest(null, Object(Config\Cache), false)
 4 SYSTEMPATH\Boot.php(334): CodeIgniter\CodeIgniter->run()
 5 SYSTEMPATH\Boot.php(67): CodeIgniter\Boot::runCodeIgniter(Object(CodeIgniter\CodeIgniter))
 6 FCPATH\index.php(56): CodeIgniter\Boot::bootWeb(Object(Config\Paths))
WARNING - 2025-06-26 03:31:35 --> [DEPRECATED] Creation of dynamic property App\Controllers\Employee::$model is deprecated in APPPATH\Controllers\BaseController.php on line 33.
 1 SYSTEMPATH\CodeIgniter.php(903): App\Controllers\BaseController->__construct()
 2 SYSTEMPATH\CodeIgniter.php(498): CodeIgniter\CodeIgniter->createController()
 3 SYSTEMPATH\CodeIgniter.php(354): CodeIgniter\CodeIgniter->handleRequest(null, Object(Config\Cache), false)
 4 SYSTEMPATH\Boot.php(334): CodeIgniter\CodeIgniter->run()
 5 SYSTEMPATH\Boot.php(67): CodeIgniter\Boot::runCodeIgniter(Object(CodeIgniter\CodeIgniter))
 6 FCPATH\index.php(56): CodeIgniter\Boot::bootWeb(Object(Config\Paths))
WARNING - 2025-06-26 03:31:35 --> [DEPRECATED] Creation of dynamic property App\Controllers\Employee::$db is deprecated in APPPATH\Controllers\BaseController.php on line 34.
 1 SYSTEMPATH\CodeIgniter.php(903): App\Controllers\BaseController->__construct()
 2 SYSTEMPATH\CodeIgniter.php(498): CodeIgniter\CodeIgniter->createController()
 3 SYSTEMPATH\CodeIgniter.php(354): CodeIgniter\CodeIgniter->handleRequest(null, Object(Config\Cache), false)
 4 SYSTEMPATH\Boot.php(334): CodeIgniter\CodeIgniter->run()
 5 SYSTEMPATH\Boot.php(67): CodeIgniter\Boot::runCodeIgniter(Object(CodeIgniter\CodeIgniter))
 6 FCPATH\index.php(56): CodeIgniter\Boot::bootWeb(Object(Config\Paths))
WARNING - 2025-06-26 03:38:36 --> [DEPRECATED] Creation of dynamic property App\Controllers\Employee::$model is deprecated in APPPATH\Controllers\BaseController.php on line 33.
 1 SYSTEMPATH\CodeIgniter.php(903): App\Controllers\BaseController->__construct()
 2 SYSTEMPATH\CodeIgniter.php(498): CodeIgniter\CodeIgniter->createController()
 3 SYSTEMPATH\CodeIgniter.php(354): CodeIgniter\CodeIgniter->handleRequest(null, Object(Config\Cache), false)
 4 SYSTEMPATH\Boot.php(334): CodeIgniter\CodeIgniter->run()
 5 SYSTEMPATH\Boot.php(67): CodeIgniter\Boot::runCodeIgniter(Object(CodeIgniter\CodeIgniter))
 6 FCPATH\index.php(56): CodeIgniter\Boot::bootWeb(Object(Config\Paths))
WARNING - 2025-06-26 03:38:36 --> [DEPRECATED] Creation of dynamic property App\Controllers\Employee::$db is deprecated in APPPATH\Controllers\BaseController.php on line 34.
 1 SYSTEMPATH\CodeIgniter.php(903): App\Controllers\BaseController->__construct()
 2 SYSTEMPATH\CodeIgniter.php(498): CodeIgniter\CodeIgniter->createController()
 3 SYSTEMPATH\CodeIgniter.php(354): CodeIgniter\CodeIgniter->handleRequest(null, Object(Config\Cache), false)
 4 SYSTEMPATH\Boot.php(334): CodeIgniter\CodeIgniter->run()
 5 SYSTEMPATH\Boot.php(67): CodeIgniter\Boot::runCodeIgniter(Object(CodeIgniter\CodeIgniter))
 6 FCPATH\index.php(56): CodeIgniter\Boot::bootWeb(Object(Config\Paths))
CRITICAL - 2025-06-26 03:38:36 --> ArgumentCountError: Too few arguments to function App\Models\Commonmodel::UpdateSingleData(), 2 passed in C:\Wemp\www\codemagen\app\Controllers\Employee.php on line 193 and exactly 3 expected
[Method: PUT, Route: employee/update/1]
in APPPATH\Models\Commonmodel.php on line 31.
 1 APPPATH\Controllers\Employee.php(193): App\Models\Commonmodel->UpdateSingleData('employee', [...])
 2 SYSTEMPATH\CodeIgniter.php(933): App\Controllers\Employee->UpdateEmployeedetails('1')
 3 SYSTEMPATH\CodeIgniter.php(507): CodeIgniter\CodeIgniter->runController(Object(App\Controllers\Employee))
 4 SYSTEMPATH\CodeIgniter.php(354): CodeIgniter\CodeIgniter->handleRequest(null, Object(Config\Cache), false)
 5 SYSTEMPATH\Boot.php(334): CodeIgniter\CodeIgniter->run()
 6 SYSTEMPATH\Boot.php(67): CodeIgniter\Boot::runCodeIgniter(Object(CodeIgniter\CodeIgniter))
 7 FCPATH\index.php(56): CodeIgniter\Boot::bootWeb(Object(Config\Paths))
WARNING - 2025-06-26 03:39:35 --> [DEPRECATED] Creation of dynamic property App\Controllers\Employee::$model is deprecated in APPPATH\Controllers\BaseController.php on line 33.
 1 SYSTEMPATH\CodeIgniter.php(903): App\Controllers\BaseController->__construct()
 2 SYSTEMPATH\CodeIgniter.php(498): CodeIgniter\CodeIgniter->createController()
 3 SYSTEMPATH\CodeIgniter.php(354): CodeIgniter\CodeIgniter->handleRequest(null, Object(Config\Cache), false)
 4 SYSTEMPATH\Boot.php(334): CodeIgniter\CodeIgniter->run()
 5 SYSTEMPATH\Boot.php(67): CodeIgniter\Boot::runCodeIgniter(Object(CodeIgniter\CodeIgniter))
 6 FCPATH\index.php(56): CodeIgniter\Boot::bootWeb(Object(Config\Paths))
WARNING - 2025-06-26 03:39:35 --> [DEPRECATED] Creation of dynamic property App\Controllers\Employee::$db is deprecated in APPPATH\Controllers\BaseController.php on line 34.
 1 SYSTEMPATH\CodeIgniter.php(903): App\Controllers\BaseController->__construct()
 2 SYSTEMPATH\CodeIgniter.php(498): CodeIgniter\CodeIgniter->createController()
 3 SYSTEMPATH\CodeIgniter.php(354): CodeIgniter\CodeIgniter->handleRequest(null, Object(Config\Cache), false)
 4 SYSTEMPATH\Boot.php(334): CodeIgniter\CodeIgniter->run()
 5 SYSTEMPATH\Boot.php(67): CodeIgniter\Boot::runCodeIgniter(Object(CodeIgniter\CodeIgniter))
 6 FCPATH\index.php(56): CodeIgniter\Boot::bootWeb(Object(Config\Paths))
WARNING - 2025-06-26 03:39:54 --> [DEPRECATED] Creation of dynamic property App\Controllers\Employee::$model is deprecated in APPPATH\Controllers\BaseController.php on line 33.
 1 SYSTEMPATH\CodeIgniter.php(903): App\Controllers\BaseController->__construct()
 2 SYSTEMPATH\CodeIgniter.php(498): CodeIgniter\CodeIgniter->createController()
 3 SYSTEMPATH\CodeIgniter.php(354): CodeIgniter\CodeIgniter->handleRequest(null, Object(Config\Cache), false)
 4 SYSTEMPATH\Boot.php(334): CodeIgniter\CodeIgniter->run()
 5 SYSTEMPATH\Boot.php(67): CodeIgniter\Boot::runCodeIgniter(Object(CodeIgniter\CodeIgniter))
 6 FCPATH\index.php(56): CodeIgniter\Boot::bootWeb(Object(Config\Paths))
WARNING - 2025-06-26 03:39:54 --> [DEPRECATED] Creation of dynamic property App\Controllers\Employee::$db is deprecated in APPPATH\Controllers\BaseController.php on line 34.
 1 SYSTEMPATH\CodeIgniter.php(903): App\Controllers\BaseController->__construct()
 2 SYSTEMPATH\CodeIgniter.php(498): CodeIgniter\CodeIgniter->createController()
 3 SYSTEMPATH\CodeIgniter.php(354): CodeIgniter\CodeIgniter->handleRequest(null, Object(Config\Cache), false)
 4 SYSTEMPATH\Boot.php(334): CodeIgniter\CodeIgniter->run()
 5 SYSTEMPATH\Boot.php(67): CodeIgniter\Boot::runCodeIgniter(Object(CodeIgniter\CodeIgniter))
 6 FCPATH\index.php(56): CodeIgniter\Boot::bootWeb(Object(Config\Paths))
WARNING - 2025-06-26 03:40:15 --> [DEPRECATED] Creation of dynamic property App\Controllers\Employee::$model is deprecated in APPPATH\Controllers\BaseController.php on line 33.
 1 SYSTEMPATH\CodeIgniter.php(903): App\Controllers\BaseController->__construct()
 2 SYSTEMPATH\CodeIgniter.php(498): CodeIgniter\CodeIgniter->createController()
 3 SYSTEMPATH\CodeIgniter.php(354): CodeIgniter\CodeIgniter->handleRequest(null, Object(Config\Cache), false)
 4 SYSTEMPATH\Boot.php(334): CodeIgniter\CodeIgniter->run()
 5 SYSTEMPATH\Boot.php(67): CodeIgniter\Boot::runCodeIgniter(Object(CodeIgniter\CodeIgniter))
 6 FCPATH\index.php(56): CodeIgniter\Boot::bootWeb(Object(Config\Paths))
WARNING - 2025-06-26 03:40:15 --> [DEPRECATED] Creation of dynamic property App\Controllers\Employee::$db is deprecated in APPPATH\Controllers\BaseController.php on line 34.
 1 SYSTEMPATH\CodeIgniter.php(903): App\Controllers\BaseController->__construct()
 2 SYSTEMPATH\CodeIgniter.php(498): CodeIgniter\CodeIgniter->createController()
 3 SYSTEMPATH\CodeIgniter.php(354): CodeIgniter\CodeIgniter->handleRequest(null, Object(Config\Cache), false)
 4 SYSTEMPATH\Boot.php(334): CodeIgniter\CodeIgniter->run()
 5 SYSTEMPATH\Boot.php(67): CodeIgniter\Boot::runCodeIgniter(Object(CodeIgniter\CodeIgniter))
 6 FCPATH\index.php(56): CodeIgniter\Boot::bootWeb(Object(Config\Paths))
WARNING - 2025-06-26 03:41:02 --> [DEPRECATED] Creation of dynamic property App\Controllers\Employee::$model is deprecated in APPPATH\Controllers\BaseController.php on line 33.
 1 SYSTEMPATH\CodeIgniter.php(903): App\Controllers\BaseController->__construct()
 2 SYSTEMPATH\CodeIgniter.php(498): CodeIgniter\CodeIgniter->createController()
 3 SYSTEMPATH\CodeIgniter.php(354): CodeIgniter\CodeIgniter->handleRequest(null, Object(Config\Cache), false)
 4 SYSTEMPATH\Boot.php(334): CodeIgniter\CodeIgniter->run()
 5 SYSTEMPATH\Boot.php(67): CodeIgniter\Boot::runCodeIgniter(Object(CodeIgniter\CodeIgniter))
 6 FCPATH\index.php(56): CodeIgniter\Boot::bootWeb(Object(Config\Paths))
WARNING - 2025-06-26 03:41:02 --> [DEPRECATED] Creation of dynamic property App\Controllers\Employee::$db is deprecated in APPPATH\Controllers\BaseController.php on line 34.
 1 SYSTEMPATH\CodeIgniter.php(903): App\Controllers\BaseController->__construct()
 2 SYSTEMPATH\CodeIgniter.php(498): CodeIgniter\CodeIgniter->createController()
 3 SYSTEMPATH\CodeIgniter.php(354): CodeIgniter\CodeIgniter->handleRequest(null, Object(Config\Cache), false)
 4 SYSTEMPATH\Boot.php(334): CodeIgniter\CodeIgniter->run()
 5 SYSTEMPATH\Boot.php(67): CodeIgniter\Boot::runCodeIgniter(Object(CodeIgniter\CodeIgniter))
 6 FCPATH\index.php(56): CodeIgniter\Boot::bootWeb(Object(Config\Paths))
WARNING - 2025-06-26 03:45:06 --> [DEPRECATED] Creation of dynamic property App\Controllers\Employee::$model is deprecated in APPPATH\Controllers\BaseController.php on line 33.
 1 SYSTEMPATH\CodeIgniter.php(903): App\Controllers\BaseController->__construct()
 2 SYSTEMPATH\CodeIgniter.php(498): CodeIgniter\CodeIgniter->createController()
 3 SYSTEMPATH\CodeIgniter.php(354): CodeIgniter\CodeIgniter->handleRequest(null, Object(Config\Cache), false)
 4 SYSTEMPATH\Boot.php(334): CodeIgniter\CodeIgniter->run()
 5 SYSTEMPATH\Boot.php(67): CodeIgniter\Boot::runCodeIgniter(Object(CodeIgniter\CodeIgniter))
 6 FCPATH\index.php(56): CodeIgniter\Boot::bootWeb(Object(Config\Paths))
WARNING - 2025-06-26 03:45:06 --> [DEPRECATED] Creation of dynamic property App\Controllers\Employee::$db is deprecated in APPPATH\Controllers\BaseController.php on line 34.
 1 SYSTEMPATH\CodeIgniter.php(903): App\Controllers\BaseController->__construct()
 2 SYSTEMPATH\CodeIgniter.php(498): CodeIgniter\CodeIgniter->createController()
 3 SYSTEMPATH\CodeIgniter.php(354): CodeIgniter\CodeIgniter->handleRequest(null, Object(Config\Cache), false)
 4 SYSTEMPATH\Boot.php(334): CodeIgniter\CodeIgniter->run()
 5 SYSTEMPATH\Boot.php(67): CodeIgniter\Boot::runCodeIgniter(Object(CodeIgniter\CodeIgniter))
 6 FCPATH\index.php(56): CodeIgniter\Boot::bootWeb(Object(Config\Paths))
WARNING - 2025-06-26 03:45:17 --> [DEPRECATED] Creation of dynamic property App\Controllers\Employee::$model is deprecated in APPPATH\Controllers\BaseController.php on line 33.
 1 SYSTEMPATH\CodeIgniter.php(903): App\Controllers\BaseController->__construct()
 2 SYSTEMPATH\CodeIgniter.php(498): CodeIgniter\CodeIgniter->createController()
 3 SYSTEMPATH\CodeIgniter.php(354): CodeIgniter\CodeIgniter->handleRequest(null, Object(Config\Cache), false)
 4 SYSTEMPATH\Boot.php(334): CodeIgniter\CodeIgniter->run()
 5 SYSTEMPATH\Boot.php(67): CodeIgniter\Boot::runCodeIgniter(Object(CodeIgniter\CodeIgniter))
 6 FCPATH\index.php(56): CodeIgniter\Boot::bootWeb(Object(Config\Paths))
WARNING - 2025-06-26 03:45:17 --> [DEPRECATED] Creation of dynamic property App\Controllers\Employee::$db is deprecated in APPPATH\Controllers\BaseController.php on line 34.
 1 SYSTEMPATH\CodeIgniter.php(903): App\Controllers\BaseController->__construct()
 2 SYSTEMPATH\CodeIgniter.php(498): CodeIgniter\CodeIgniter->createController()
 3 SYSTEMPATH\CodeIgniter.php(354): CodeIgniter\CodeIgniter->handleRequest(null, Object(Config\Cache), false)
 4 SYSTEMPATH\Boot.php(334): CodeIgniter\CodeIgniter->run()
 5 SYSTEMPATH\Boot.php(67): CodeIgniter\Boot::runCodeIgniter(Object(CodeIgniter\CodeIgniter))
 6 FCPATH\index.php(56): CodeIgniter\Boot::bootWeb(Object(Config\Paths))
WARNING - 2025-06-26 03:45:49 --> [DEPRECATED] Creation of dynamic property App\Controllers\Employee::$model is deprecated in APPPATH\Controllers\BaseController.php on line 33.
 1 SYSTEMPATH\CodeIgniter.php(903): App\Controllers\BaseController->__construct()
 2 SYSTEMPATH\CodeIgniter.php(498): CodeIgniter\CodeIgniter->createController()
 3 SYSTEMPATH\CodeIgniter.php(354): CodeIgniter\CodeIgniter->handleRequest(null, Object(Config\Cache), false)
 4 SYSTEMPATH\Boot.php(334): CodeIgniter\CodeIgniter->run()
 5 SYSTEMPATH\Boot.php(67): CodeIgniter\Boot::runCodeIgniter(Object(CodeIgniter\CodeIgniter))
 6 FCPATH\index.php(56): CodeIgniter\Boot::bootWeb(Object(Config\Paths))
WARNING - 2025-06-26 03:45:49 --> [DEPRECATED] Creation of dynamic property App\Controllers\Employee::$db is deprecated in APPPATH\Controllers\BaseController.php on line 34.
 1 SYSTEMPATH\CodeIgniter.php(903): App\Controllers\BaseController->__construct()
 2 SYSTEMPATH\CodeIgniter.php(498): CodeIgniter\CodeIgniter->createController()
 3 SYSTEMPATH\CodeIgniter.php(354): CodeIgniter\CodeIgniter->handleRequest(null, Object(Config\Cache), false)
 4 SYSTEMPATH\Boot.php(334): CodeIgniter\CodeIgniter->run()
 5 SYSTEMPATH\Boot.php(67): CodeIgniter\Boot::runCodeIgniter(Object(CodeIgniter\CodeIgniter))
 6 FCPATH\index.php(56): CodeIgniter\Boot::bootWeb(Object(Config\Paths))
WARNING - 2025-06-26 03:46:06 --> [DEPRECATED] Creation of dynamic property App\Controllers\Employee::$model is deprecated in APPPATH\Controllers\BaseController.php on line 33.
 1 SYSTEMPATH\CodeIgniter.php(903): App\Controllers\BaseController->__construct()
 2 SYSTEMPATH\CodeIgniter.php(498): CodeIgniter\CodeIgniter->createController()
 3 SYSTEMPATH\CodeIgniter.php(354): CodeIgniter\CodeIgniter->handleRequest(null, Object(Config\Cache), false)
 4 SYSTEMPATH\Boot.php(334): CodeIgniter\CodeIgniter->run()
 5 SYSTEMPATH\Boot.php(67): CodeIgniter\Boot::runCodeIgniter(Object(CodeIgniter\CodeIgniter))
 6 FCPATH\index.php(56): CodeIgniter\Boot::bootWeb(Object(Config\Paths))
WARNING - 2025-06-26 03:46:06 --> [DEPRECATED] Creation of dynamic property App\Controllers\Employee::$db is deprecated in APPPATH\Controllers\BaseController.php on line 34.
 1 SYSTEMPATH\CodeIgniter.php(903): App\Controllers\BaseController->__construct()
 2 SYSTEMPATH\CodeIgniter.php(498): CodeIgniter\CodeIgniter->createController()
 3 SYSTEMPATH\CodeIgniter.php(354): CodeIgniter\CodeIgniter->handleRequest(null, Object(Config\Cache), false)
 4 SYSTEMPATH\Boot.php(334): CodeIgniter\CodeIgniter->run()
 5 SYSTEMPATH\Boot.php(67): CodeIgniter\Boot::runCodeIgniter(Object(CodeIgniter\CodeIgniter))
 6 FCPATH\index.php(56): CodeIgniter\Boot::bootWeb(Object(Config\Paths))
WARNING - 2025-06-26 07:55:56 --> [DEPRECATED] Creation of dynamic property App\Controllers\Department::$model is deprecated in APPPATH\Controllers\BaseController.php on line 33.
 1 SYSTEMPATH\CodeIgniter.php(903): App\Controllers\BaseController->__construct()
 2 SYSTEMPATH\CodeIgniter.php(498): CodeIgniter\CodeIgniter->createController()
 3 SYSTEMPATH\CodeIgniter.php(354): CodeIgniter\CodeIgniter->handleRequest(null, Object(Config\Cache), false)
 4 SYSTEMPATH\Boot.php(334): CodeIgniter\CodeIgniter->run()
 5 SYSTEMPATH\Boot.php(67): CodeIgniter\Boot::runCodeIgniter(Object(CodeIgniter\CodeIgniter))
 6 FCPATH\index.php(56): CodeIgniter\Boot::bootWeb(Object(Config\Paths))
WARNING - 2025-06-26 07:55:56 --> [DEPRECATED] Creation of dynamic property App\Controllers\Department::$db is deprecated in APPPATH\Controllers\BaseController.php on line 34.
 1 SYSTEMPATH\CodeIgniter.php(903): App\Controllers\BaseController->__construct()
 2 SYSTEMPATH\CodeIgniter.php(498): CodeIgniter\CodeIgniter->createController()
 3 SYSTEMPATH\CodeIgniter.php(354): CodeIgniter\CodeIgniter->handleRequest(null, Object(Config\Cache), false)
 4 SYSTEMPATH\Boot.php(334): CodeIgniter\CodeIgniter->run()
 5 SYSTEMPATH\Boot.php(67): CodeIgniter\Boot::runCodeIgniter(Object(CodeIgniter\CodeIgniter))
 6 FCPATH\index.php(56): CodeIgniter\Boot::bootWeb(Object(Config\Paths))
WARNING - 2025-06-26 07:56:23 --> [DEPRECATED] Creation of dynamic property App\Controllers\Department::$model is deprecated in APPPATH\Controllers\BaseController.php on line 33.
 1 SYSTEMPATH\CodeIgniter.php(903): App\Controllers\BaseController->__construct()
 2 SYSTEMPATH\CodeIgniter.php(498): CodeIgniter\CodeIgniter->createController()
 3 SYSTEMPATH\CodeIgniter.php(354): CodeIgniter\CodeIgniter->handleRequest(null, Object(Config\Cache), false)
 4 SYSTEMPATH\Boot.php(334): CodeIgniter\CodeIgniter->run()
 5 SYSTEMPATH\Boot.php(67): CodeIgniter\Boot::runCodeIgniter(Object(CodeIgniter\CodeIgniter))
 6 FCPATH\index.php(56): CodeIgniter\Boot::bootWeb(Object(Config\Paths))
WARNING - 2025-06-26 07:56:23 --> [DEPRECATED] Creation of dynamic property App\Controllers\Department::$db is deprecated in APPPATH\Controllers\BaseController.php on line 34.
 1 SYSTEMPATH\CodeIgniter.php(903): App\Controllers\BaseController->__construct()
 2 SYSTEMPATH\CodeIgniter.php(498): CodeIgniter\CodeIgniter->createController()
 3 SYSTEMPATH\CodeIgniter.php(354): CodeIgniter\CodeIgniter->handleRequest(null, Object(Config\Cache), false)
 4 SYSTEMPATH\Boot.php(334): CodeIgniter\CodeIgniter->run()
 5 SYSTEMPATH\Boot.php(67): CodeIgniter\Boot::runCodeIgniter(Object(CodeIgniter\CodeIgniter))
 6 FCPATH\index.php(56): CodeIgniter\Boot::bootWeb(Object(Config\Paths))
WARNING - 2025-06-26 07:57:09 --> [DEPRECATED] Creation of dynamic property App\Controllers\Department::$model is deprecated in APPPATH\Controllers\BaseController.php on line 33.
 1 SYSTEMPATH\CodeIgniter.php(903): App\Controllers\BaseController->__construct()
 2 SYSTEMPATH\CodeIgniter.php(498): CodeIgniter\CodeIgniter->createController()
 3 SYSTEMPATH\CodeIgniter.php(354): CodeIgniter\CodeIgniter->handleRequest(null, Object(Config\Cache), false)
 4 SYSTEMPATH\Boot.php(334): CodeIgniter\CodeIgniter->run()
 5 SYSTEMPATH\Boot.php(67): CodeIgniter\Boot::runCodeIgniter(Object(CodeIgniter\CodeIgniter))
 6 FCPATH\index.php(56): CodeIgniter\Boot::bootWeb(Object(Config\Paths))
WARNING - 2025-06-26 07:57:09 --> [DEPRECATED] Creation of dynamic property App\Controllers\Department::$db is deprecated in APPPATH\Controllers\BaseController.php on line 34.
 1 SYSTEMPATH\CodeIgniter.php(903): App\Controllers\BaseController->__construct()
 2 SYSTEMPATH\CodeIgniter.php(498): CodeIgniter\CodeIgniter->createController()
 3 SYSTEMPATH\CodeIgniter.php(354): CodeIgniter\CodeIgniter->handleRequest(null, Object(Config\Cache), false)
 4 SYSTEMPATH\Boot.php(334): CodeIgniter\CodeIgniter->run()
 5 SYSTEMPATH\Boot.php(67): CodeIgniter\Boot::runCodeIgniter(Object(CodeIgniter\CodeIgniter))
 6 FCPATH\index.php(56): CodeIgniter\Boot::bootWeb(Object(Config\Paths))
WARNING - 2025-06-26 07:57:36 --> [DEPRECATED] Creation of dynamic property App\Controllers\Department::$model is deprecated in APPPATH\Controllers\BaseController.php on line 33.
 1 SYSTEMPATH\CodeIgniter.php(903): App\Controllers\BaseController->__construct()
 2 SYSTEMPATH\CodeIgniter.php(498): CodeIgniter\CodeIgniter->createController()
 3 SYSTEMPATH\CodeIgniter.php(354): CodeIgniter\CodeIgniter->handleRequest(null, Object(Config\Cache), false)
 4 SYSTEMPATH\Boot.php(334): CodeIgniter\CodeIgniter->run()
 5 SYSTEMPATH\Boot.php(67): CodeIgniter\Boot::runCodeIgniter(Object(CodeIgniter\CodeIgniter))
 6 FCPATH\index.php(56): CodeIgniter\Boot::bootWeb(Object(Config\Paths))
WARNING - 2025-06-26 07:57:36 --> [DEPRECATED] Creation of dynamic property App\Controllers\Department::$db is deprecated in APPPATH\Controllers\BaseController.php on line 34.
 1 SYSTEMPATH\CodeIgniter.php(903): App\Controllers\BaseController->__construct()
 2 SYSTEMPATH\CodeIgniter.php(498): CodeIgniter\CodeIgniter->createController()
 3 SYSTEMPATH\CodeIgniter.php(354): CodeIgniter\CodeIgniter->handleRequest(null, Object(Config\Cache), false)
 4 SYSTEMPATH\Boot.php(334): CodeIgniter\CodeIgniter->run()
 5 SYSTEMPATH\Boot.php(67): CodeIgniter\Boot::runCodeIgniter(Object(CodeIgniter\CodeIgniter))
 6 FCPATH\index.php(56): CodeIgniter\Boot::bootWeb(Object(Config\Paths))
WARNING - 2025-06-26 07:58:11 --> [DEPRECATED] Creation of dynamic property App\Controllers\Department::$model is deprecated in APPPATH\Controllers\BaseController.php on line 33.
 1 SYSTEMPATH\CodeIgniter.php(903): App\Controllers\BaseController->__construct()
 2 SYSTEMPATH\CodeIgniter.php(498): CodeIgniter\CodeIgniter->createController()
 3 SYSTEMPATH\CodeIgniter.php(354): CodeIgniter\CodeIgniter->handleRequest(null, Object(Config\Cache), false)
 4 SYSTEMPATH\Boot.php(334): CodeIgniter\CodeIgniter->run()
 5 SYSTEMPATH\Boot.php(67): CodeIgniter\Boot::runCodeIgniter(Object(CodeIgniter\CodeIgniter))
 6 FCPATH\index.php(56): CodeIgniter\Boot::bootWeb(Object(Config\Paths))
WARNING - 2025-06-26 07:58:11 --> [DEPRECATED] Creation of dynamic property App\Controllers\Department::$db is deprecated in APPPATH\Controllers\BaseController.php on line 34.
 1 SYSTEMPATH\CodeIgniter.php(903): App\Controllers\BaseController->__construct()
 2 SYSTEMPATH\CodeIgniter.php(498): CodeIgniter\CodeIgniter->createController()
 3 SYSTEMPATH\CodeIgniter.php(354): CodeIgniter\CodeIgniter->handleRequest(null, Object(Config\Cache), false)
 4 SYSTEMPATH\Boot.php(334): CodeIgniter\CodeIgniter->run()
 5 SYSTEMPATH\Boot.php(67): CodeIgniter\Boot::runCodeIgniter(Object(CodeIgniter\CodeIgniter))
 6 FCPATH\index.php(56): CodeIgniter\Boot::bootWeb(Object(Config\Paths))
